[30-Jan-2020 13:12:32 Asia/Jakarta] PHP Fatal error:  Uncaught TypeError: Argument 1 passed to Illuminate\Database\Capsule\Manager::addConnection() must be of the type array, null given, called in /application/source/html/index.php on line 41 and defined in /application/source/vendor/illuminate/database/Capsule/Manager.php:118
Stack trace:
#0 /application/source/html/index.php(41): Illuminate\Database\Capsule\Manager->addConnection(NULL, 'test')
#1 {main}
  thrown in /application/source/vendor/illuminate/database/Capsule/Manager.php on line 118
[30-Jan-2020 13:15:56 Asia/Jakarta] PHP Fatal error:  Uncaught RuntimeException: Unexpected data in output buffer. Maybe you have characters before an opening <?php tag? in /application/source/vendor/slim/slim/Slim/App.php:621
Stack trace:
#0 /application/source/vendor/slim/slim/Slim/App.php(317): Slim\App->finalize(Object(Slim\Http\Response))
#1 /application/source/html/index.php(327): Slim\App->run()
#2 {main}
  thrown in /application/source/vendor/slim/slim/Slim/App.php on line 621
[30-Jan-2020 14:16:45 Asia/Jakarta] PHP Notice:  Undefined variable: request_verify in /application/source/dds/routers/sample.php on line 6
[30-Jan-2020 14:17:04 Asia/Jakarta] PHP Notice:  Undefined variable: request_verify in /application/source/dds/routers/sample.php on line 6
[30-Jan-2020 14:17:08 Asia/Jakarta] PHP Notice:  Undefined variable: request_verify in /application/source/dds/routers/sample.php on line 6
[30-Jan-2020 14:18:37 Asia/Jakarta] PHP Notice:  Undefined variable: request_verify in /application/source/dds/routers/sample.php on line 6
[30-Jan-2020 14:26:19 Asia/Jakarta] PHP Parse error:  syntax error, unexpected '}', expecting end of file in /application/source/dds/routers/sample.php on line 25
[30-Jan-2020 14:26:52 Asia/Jakarta] PHP Fatal error:  Uncaught Error: Using $this when not in object context in /application/source/dds/routers/sample.php:19
Stack trace:
#0 /application/source/dds/routers.php(9): include()
#1 /application/source/html/index.php(317): require('/application/so...')
#2 {main}
  thrown in /application/source/dds/routers/sample.php on line 19
[30-Jan-2020 14:58:15 Asia/Jakarta] PHP Fatal error:  Uncaught TypeError: Argument 1 passed to Illuminate\Database\Capsule\Manager::addConnection() must be of the type array, null given, called in /application/source/html/index.php on line 41 and defined in /application/source/vendor/illuminate/database/Capsule/Manager.php:118
Stack trace:
#0 /application/source/html/index.php(41): Illuminate\Database\Capsule\Manager->addConnection(NULL, 'test')
#1 {main}
  thrown in /application/source/vendor/illuminate/database/Capsule/Manager.php on line 118
[04-Feb-2020 14:18:56 Asia/Jakarta] PHP Fatal error:  Uncaught TypeError: Argument 1 passed to Closure::{closure}() must be an instance of RouteCollectorProxy, instance of Slim\App given, called in /application/source/vendor/slim/slim/Slim/RouteGroup.php on line 25 and defined in /application/source/dds/routers/customer.php:7
Stack trace:
#0 /application/source/vendor/slim/slim/Slim/RouteGroup.php(25): Closure->{closure}(Object(Slim\App))
#1 /application/source/vendor/slim/slim/Slim/App.php(272): Slim\RouteGroup->__invoke(Object(Slim\App))
#2 /application/source/dds/routers/customer.php(9): Slim\App->group('/customer', Object(Closure))
#3 /application/source/dds/routers.php(9): include('/application/so...')
#4 /application/source/html/index.php(317): require('/application/so...')
#5 {main}
  thrown in /application/source/dds/routers/customer.php on line 7
[06-Feb-2020 09:41:01 UTC] PHP Parse error:  syntax error, unexpected 'require' (T_REQUIRE) in /application/source/html/index.php on line 332
[06-Feb-2020 09:41:29 UTC] PHP Parse error:  syntax error, unexpected 'require' (T_REQUIRE) in /application/source/html/index.php on line 332
[06-Feb-2020 09:45:35 UTC] PHP Parse error:  syntax error, unexpected 'require' (T_REQUIRE) in /application/source/html/index.php on line 332
[06-Feb-2020 09:45:38 UTC] PHP Parse error:  syntax error, unexpected 'require' (T_REQUIRE) in /application/source/html/index.php on line 332
[06-Feb-2020 09:45:41 UTC] PHP Parse error:  syntax error, unexpected 'require' (T_REQUIRE) in /application/source/html/index.php on line 332
[06-Feb-2020 09:45:46 UTC] PHP Parse error:  syntax error, unexpected 'require' (T_REQUIRE) in /application/source/html/index.php on line 332
[06-Feb-2020 09:46:01 UTC] PHP Parse error:  syntax error, unexpected 'require' (T_REQUIRE) in /application/source/html/index.php on line 332
[06-Feb-2020 09:48:39 UTC] PHP Parse error:  syntax error, unexpected 'require' (T_REQUIRE) in /application/source/html/index.php on line 332
[06-Feb-2020 09:50:07 UTC] PHP Parse error:  syntax error, unexpected 'require' (T_REQUIRE) in /application/source/html/index.php on line 332
[06-Feb-2020 09:50:34 UTC] PHP Parse error:  syntax error, unexpected 'require' (T_REQUIRE) in /application/source/html/index.php on line 332
[06-Feb-2020 09:50:35 UTC] PHP Parse error:  syntax error, unexpected 'require' (T_REQUIRE) in /application/source/html/index.php on line 332
[06-Feb-2020 09:52:40 UTC] PHP Parse error:  syntax error, unexpected 'require' (T_REQUIRE) in /application/source/html/index.php on line 332
[06-Feb-2020 09:52:41 UTC] PHP Parse error:  syntax error, unexpected 'require' (T_REQUIRE) in /application/source/html/index.php on line 332
[06-Feb-2020 09:52:45 UTC] PHP Parse error:  syntax error, unexpected 'require' (T_REQUIRE) in /application/source/html/index.php on line 332
[06-Feb-2020 09:52:48 UTC] PHP Parse error:  syntax error, unexpected 'require' (T_REQUIRE) in /application/source/html/index.php on line 332
[06-Feb-2020 16:53:05 Asia/Jakarta] PHP Parse error:  syntax error, unexpected 'z' (T_STRING) in /application/source/dds/routers/customer.php on line 9
[06-Feb-2020 16:53:12 Asia/Jakarta] PHP Parse error:  syntax error, unexpected 'z' (T_STRING) in /application/source/dds/routers/customer.php on line 9
[06-Feb-2020 16:53:13 Asia/Jakarta] PHP Parse error:  syntax error, unexpected 'z' (T_STRING) in /application/source/dds/routers/customer.php on line 9
[06-Feb-2020 16:53:26 Asia/Jakarta] PHP Parse error:  syntax error, unexpected 'z' (T_STRING) in /application/source/dds/routers/customer.php on line 9
[06-Feb-2020 16:53:27 Asia/Jakarta] PHP Parse error:  syntax error, unexpected 'z' (T_STRING) in /application/source/dds/routers/customer.php on line 9
[06-Feb-2020 16:53:31 Asia/Jakarta] PHP Parse error:  syntax error, unexpected 'z' (T_STRING) in /application/source/dds/routers/customer.php on line 9
[06-Feb-2020 16:53:32 Asia/Jakarta] PHP Parse error:  syntax error, unexpected 'z' (T_STRING) in /application/source/dds/routers/customer.php on line 9
[06-Feb-2020 16:54:14 Asia/Jakarta] PHP Notice:  Undefined variable: basic_auth in /application/source/dds/routers/customer.php on line 17
[07-Feb-2020 10:17:11 Asia/Jakarta] PHP Notice:  Undefined variable: basic_auth in /application/source/dds/routers/customer.php on line 18
[07-Feb-2020 10:17:39 Asia/Jakarta] PHP Notice:  Undefined variable: basic_auth in /application/source/dds/routers/customer.php on line 18
[07-Feb-2020 10:18:06 Asia/Jakarta] PHP Notice:  Undefined variable: basic_auth in /application/source/dds/routers/customer.php on line 18
[07-Feb-2020 10:18:49 Asia/Jakarta] PHP Notice:  Undefined variable: basic_auth in /application/source/dds/routers/customer.php on line 18
[07-Feb-2020 16:18:21 Asia/Jakarta] PHP Notice:  Undefined variable: basic_auth in /application/source/dds/routers/customer.php on line 16
[07-Feb-2020 16:32:50 Asia/Jakarta] PHP Notice:  Undefined variable: basic_auth in /application/source/dds/routers/customer.php on line 16
[07-Feb-2020 16:51:43 Asia/Jakarta] PHP Notice:  Undefined index: customerNumber in /application/source/dds/controllers/CustomerController.php on line 86
[07-Feb-2020 16:51:43 Asia/Jakarta] PHP Notice:  Undefined index: customerName in /application/source/dds/controllers/CustomerController.php on line 87
[07-Feb-2020 16:51:43 Asia/Jakarta] PHP Notice:  Undefined index: phone in /application/source/dds/controllers/CustomerController.php on line 90
[07-Feb-2020 16:51:43 Asia/Jakarta] PHP Notice:  Undefined index: addressLine1 in /application/source/dds/controllers/CustomerController.php on line 91
[07-Feb-2020 16:51:43 Asia/Jakarta] PHP Notice:  Undefined index: city in /application/source/dds/controllers/CustomerController.php on line 92
[07-Feb-2020 16:51:43 Asia/Jakarta] PHP Notice:  Undefined index: state in /application/source/dds/controllers/CustomerController.php on line 93
[07-Feb-2020 16:52:05 Asia/Jakarta] PHP Notice:  Undefined index: customerNumber in /application/source/dds/controllers/CustomerController.php on line 86
[07-Feb-2020 16:52:05 Asia/Jakarta] PHP Notice:  Undefined index: customerName in /application/source/dds/controllers/CustomerController.php on line 87
[07-Feb-2020 16:52:05 Asia/Jakarta] PHP Notice:  Undefined index: phone in /application/source/dds/controllers/CustomerController.php on line 90
[07-Feb-2020 16:52:05 Asia/Jakarta] PHP Notice:  Undefined index: addressLine1 in /application/source/dds/controllers/CustomerController.php on line 91
[07-Feb-2020 16:52:05 Asia/Jakarta] PHP Notice:  Undefined index: city in /application/source/dds/controllers/CustomerController.php on line 92
[07-Feb-2020 16:52:05 Asia/Jakarta] PHP Notice:  Undefined index: state in /application/source/dds/controllers/CustomerController.php on line 93
[07-Feb-2020 17:10:54 Asia/Jakarta] PHP Deprecated:  Non-static method Illuminate\Database\Eloquent\Model::update() should not be called statically in /application/source/dds/controllers/LoginController.php on line 48
[07-Feb-2020 17:11:42 Asia/Jakarta] PHP Deprecated:  Non-static method Illuminate\Database\Eloquent\Model::update() should not be called statically in /application/source/dds/controllers/LoginController.php on line 48
[07-Feb-2020 17:12:01 Asia/Jakarta] PHP Deprecated:  Non-static method Illuminate\Database\Eloquent\Model::update() should not be called statically in /application/source/dds/controllers/LoginController.php on line 48
[07-Feb-2020 17:46:49 Asia/Jakarta] PHP Notice:  Undefined index: HTTP_AUTHORIZATION in /application/source/html/index.php on line 100
[07-Feb-2020 17:47:55 Asia/Jakarta] PHP Notice:  Undefined index: HTTP_AUTHORIZATION in /application/source/html/index.php on line 100
[07-Feb-2020 17:48:44 Asia/Jakarta] PHP Notice:  Undefined index: HTTP_AUTHORIZATION in /application/source/html/index.php on line 100
[07-Feb-2020 17:48:54 Asia/Jakarta] PHP Notice:  Undefined index: HTTP_AUTHORIZATION in /application/source/html/index.php on line 100
[10-Feb-2020 10:07:52 Asia/Jakarta] PHP Notice:  Undefined index: HTTP_AUTHORIZATION in /application/source/html/index.php on line 108
[10-Feb-2020 10:18:03 Asia/Jakarta] PHP Notice:  Undefined index: HTTP_AUTHORIZATION in /application/source/html/index.php on line 108
[10-Feb-2020 10:18:06 Asia/Jakarta] PHP Notice:  Undefined index: HTTP_AUTHORIZATION in /application/source/html/index.php on line 108
[10-Feb-2020 10:29:50 Asia/Jakarta] PHP Notice:  Undefined index: HTTP_AUTHORIZATION in /application/source/html/index.php on line 108
[10-Feb-2020 12:02:04 Asia/Jakarta] PHP Notice:  Undefined index: HTTP_AUTHORIZATION in /application/source/html/index.php on line 108
[10-Feb-2020 12:02:06 Asia/Jakarta] PHP Notice:  Undefined index: HTTP_AUTHORIZATION in /application/source/html/index.php on line 108
[10-Feb-2020 12:02:07 Asia/Jakarta] PHP Notice:  Undefined index: HTTP_AUTHORIZATION in /application/source/html/index.php on line 108
[10-Feb-2020 12:02:15 Asia/Jakarta] PHP Notice:  Undefined index: HTTP_AUTHORIZATION in /application/source/html/index.php on line 108
[10-Feb-2020 12:02:17 Asia/Jakarta] PHP Notice:  Undefined index: HTTP_AUTHORIZATION in /application/source/html/index.php on line 108
[10-Feb-2020 12:02:17 Asia/Jakarta] PHP Notice:  Undefined index: HTTP_AUTHORIZATION in /application/source/html/index.php on line 108
[10-Feb-2020 12:02:20 Asia/Jakarta] PHP Notice:  Undefined index: HTTP_AUTHORIZATION in /application/source/html/index.php on line 108
[10-Feb-2020 12:02:21 Asia/Jakarta] PHP Notice:  Undefined index: HTTP_AUTHORIZATION in /application/source/html/index.php on line 108
[10-Feb-2020 12:02:22 Asia/Jakarta] PHP Notice:  Undefined index: HTTP_AUTHORIZATION in /application/source/html/index.php on line 108
[10-Feb-2020 12:02:23 Asia/Jakarta] PHP Notice:  Undefined index: HTTP_AUTHORIZATION in /application/source/html/index.php on line 108
[10-Feb-2020 12:03:15 Asia/Jakarta] PHP Notice:  Undefined index: HTTP_AUTHORIZATION in /application/source/html/index.php on line 108
[10-Feb-2020 12:05:44 Asia/Jakarta] PHP Notice:  Undefined index: HTTP_AUTHORIZATION in /application/source/html/index.php on line 108
[10-Feb-2020 12:05:52 Asia/Jakarta] PHP Notice:  Undefined index: HTTP_AUTHORIZATION in /application/source/html/index.php on line 108
[10-Feb-2020 12:06:27 Asia/Jakarta] PHP Notice:  Undefined index: HTTP_AUTHORIZATION in /application/source/html/index.php on line 108
[10-Feb-2020 12:06:29 Asia/Jakarta] PHP Notice:  Undefined index: HTTP_AUTHORIZATION in /application/source/html/index.php on line 108
[10-Feb-2020 12:07:00 Asia/Jakarta] PHP Notice:  Undefined index: HTTP_AUTHORIZATION in /application/source/html/index.php on line 108
[10-Feb-2020 12:07:47 Asia/Jakarta] PHP Notice:  Undefined index: HTTP_AUTHORIZATION in /application/source/html/index.php on line 108
[10-Feb-2020 12:07:57 Asia/Jakarta] PHP Notice:  Undefined index: HTTP_AUTHORIZATION in /application/source/html/index.php on line 108
[10-Feb-2020 12:08:19 Asia/Jakarta] PHP Notice:  Undefined index: HTTP_AUTHORIZATION in /application/source/html/index.php on line 108
[10-Feb-2020 12:08:21 Asia/Jakarta] PHP Notice:  Undefined index: HTTP_AUTHORIZATION in /application/source/html/index.php on line 108
[10-Feb-2020 15:04:27 Asia/Jakarta] PHP Notice:  Undefined index: HTTP_AUTHORIZATION in /application/source/html/index.php on line 108
[11-Feb-2020 10:12:02 Asia/Jakarta] PHP Notice:  Undefined index: HTTP_AUTHORIZATION in /application/source/html/index.php on line 64
[12-Feb-2020 16:27:51 Asia/Jakarta] PHP Notice:  Undefined index: HTTP_CLIENT_IP in /application/source/dds/controllers/LoginController.php on line 32
[12-Feb-2020 16:28:18 Asia/Jakarta] PHP Notice:  Undefined index: HTTP_CLIENT_IP in /application/source/dds/controllers/LoginController.php on line 32
[12-Feb-2020 16:28:34 Asia/Jakarta] PHP Notice:  Undefined index: HTTP_X_FORWARDED_FOR in /application/source/dds/controllers/LoginController.php on line 32
[12-Feb-2020 22:57:50 Asia/Jakarta] PHP Notice:  Undefined index: HTTP_X_FORWARDED_FOR in /application/source/dds/controllers/LoginController.php on line 37
[12-Feb-2020 23:16:15 Asia/Jakarta] PHP Notice:  Undefined index: HTTP_X_FORWARDED_FOR in /application/source/dds/controllers/LoginController.php on line 37
[12-Feb-2020 23:19:16 Asia/Jakarta] PHP Notice:  Undefined index: HTTP_X_FORWARDED_FOR in /application/source/dds/controllers/LoginController.php on line 42
[12-Feb-2020 23:20:17 Asia/Jakarta] PHP Notice:  Undefined index: HTTP_X_FORWARDED_FOR in /application/source/dds/controllers/LoginController.php on line 42
[12-Feb-2020 23:20:20 Asia/Jakarta] PHP Notice:  Undefined index: HTTP_X_FORWARDED_FOR in /application/source/dds/controllers/LoginController.php on line 42
[17-Feb-2020 01:07:44 Asia/Jakarta] PHP Notice:  Undefined index: HTTP_X_FORWARDED_FOR in /application/source/dds/controllers/LoginController.php on line 44
[17-Feb-2020 01:07:45 Asia/Jakarta] PHP Notice:  Undefined property: DDSControllers\LoginController::$redis in /application/source/dds/controllers/LoginController.php on line 82
[17-Feb-2020 01:08:32 Asia/Jakarta] PHP Notice:  Undefined index: HTTP_X_FORWARDED_FOR in /application/source/dds/controllers/LoginController.php on line 44
[17-Feb-2020 01:09:30 Asia/Jakarta] PHP Notice:  Undefined index: HTTP_X_FORWARDED_FOR in /application/source/dds/controllers/LoginController.php on line 44
[17-Feb-2020 01:50:16 Asia/Jakarta] PHP Notice:  Undefined index: HTTP_X_FORWARDED_FOR in /application/source/dds/controllers/LoginController.php on line 44
[17-Feb-2020 03:57:56 Asia/Jakarta] PHP Notice:  Undefined index: HTTP_X_FORWARDED_FOR in /application/source/dds/controllers/LoginController.php on line 44
[17-Feb-2020 04:31:24 Asia/Jakarta] PHP Notice:  Undefined index: HTTP_X_FORWARDED_FOR in /application/source/dds/controllers/LoginController.php on line 44
[17-Feb-2020 04:31:50 Asia/Jakarta] PHP Notice:  Undefined index: HTTP_X_FORWARDED_FOR in /application/source/dds/controllers/LoginController.php on line 44
[17-Feb-2020 05:15:38 Asia/Jakarta] PHP Warning:  strlen() expects parameter 1 to be string, array given in /application/source/vendor/predis/predis/src/Connection/StreamConnection.php on line 390
[17-Feb-2020 05:15:38 Asia/Jakarta] PHP Notice:  Array to string conversion in /application/source/vendor/predis/predis/src/Connection/StreamConnection.php on line 391
[17-Feb-2020 05:16:27 Asia/Jakarta] PHP Warning:  strlen() expects parameter 1 to be string, array given in /application/source/vendor/predis/predis/src/Connection/StreamConnection.php on line 390
[17-Feb-2020 05:16:27 Asia/Jakarta] PHP Notice:  Array to string conversion in /application/source/vendor/predis/predis/src/Connection/StreamConnection.php on line 391
[17-Feb-2020 05:17:06 Asia/Jakarta] PHP Warning:  strlen() expects parameter 1 to be string, array given in /application/source/vendor/predis/predis/src/Connection/StreamConnection.php on line 390
[17-Feb-2020 05:17:06 Asia/Jakarta] PHP Notice:  Array to string conversion in /application/source/vendor/predis/predis/src/Connection/StreamConnection.php on line 391
[17-Feb-2020 05:17:51 Asia/Jakarta] PHP Warning:  strlen() expects parameter 1 to be string, array given in /application/source/vendor/predis/predis/src/Connection/StreamConnection.php on line 390
[17-Feb-2020 05:17:51 Asia/Jakarta] PHP Notice:  Array to string conversion in /application/source/vendor/predis/predis/src/Connection/StreamConnection.php on line 391
[17-Feb-2020 05:19:42 Asia/Jakarta] PHP Warning:  strlen() expects parameter 1 to be string, array given in /application/source/vendor/predis/predis/src/Connection/StreamConnection.php on line 390
[17-Feb-2020 05:19:42 Asia/Jakarta] PHP Notice:  Array to string conversion in /application/source/vendor/predis/predis/src/Connection/StreamConnection.php on line 391
[17-Feb-2020 05:20:10 Asia/Jakarta] PHP Warning:  strlen() expects parameter 1 to be string, array given in /application/source/vendor/predis/predis/src/Connection/StreamConnection.php on line 390
[17-Feb-2020 05:20:10 Asia/Jakarta] PHP Notice:  Array to string conversion in /application/source/vendor/predis/predis/src/Connection/StreamConnection.php on line 391
[17-Feb-2020 05:21:43 Asia/Jakarta] PHP Warning:  strlen() expects parameter 1 to be string, array given in /application/source/vendor/predis/predis/src/Connection/StreamConnection.php on line 390
[17-Feb-2020 05:21:43 Asia/Jakarta] PHP Notice:  Array to string conversion in /application/source/vendor/predis/predis/src/Connection/StreamConnection.php on line 391
[17-Feb-2020 05:24:52 Asia/Jakarta] PHP Warning:  strlen() expects parameter 1 to be string, array given in /application/source/vendor/predis/predis/src/Connection/StreamConnection.php on line 390
[17-Feb-2020 05:24:52 Asia/Jakarta] PHP Notice:  Array to string conversion in /application/source/vendor/predis/predis/src/Connection/StreamConnection.php on line 391
[17-Feb-2020 05:26:50 Asia/Jakarta] PHP Warning:  strlen() expects parameter 1 to be string, array given in /application/source/vendor/predis/predis/src/Connection/StreamConnection.php on line 390
[17-Feb-2020 05:26:50 Asia/Jakarta] PHP Notice:  Array to string conversion in /application/source/vendor/predis/predis/src/Connection/StreamConnection.php on line 391
[17-Feb-2020 05:26:53 Asia/Jakarta] PHP Warning:  strlen() expects parameter 1 to be string, array given in /application/source/vendor/predis/predis/src/Connection/StreamConnection.php on line 390
[17-Feb-2020 05:26:53 Asia/Jakarta] PHP Notice:  Array to string conversion in /application/source/vendor/predis/predis/src/Connection/StreamConnection.php on line 391
[17-Feb-2020 05:27:29 Asia/Jakarta] PHP Warning:  strlen() expects parameter 1 to be string, array given in /application/source/vendor/predis/predis/src/Connection/StreamConnection.php on line 390
[17-Feb-2020 05:27:29 Asia/Jakarta] PHP Notice:  Array to string conversion in /application/source/vendor/predis/predis/src/Connection/StreamConnection.php on line 391
[17-Feb-2020 05:31:09 Asia/Jakarta] PHP Warning:  strlen() expects parameter 1 to be string, array given in /application/source/vendor/predis/predis/src/Connection/StreamConnection.php on line 390
[17-Feb-2020 05:31:09 Asia/Jakarta] PHP Notice:  Array to string conversion in /application/source/vendor/predis/predis/src/Connection/StreamConnection.php on line 391
[17-Feb-2020 05:31:31 Asia/Jakarta] PHP Warning:  strlen() expects parameter 1 to be string, array given in /application/source/vendor/predis/predis/src/Connection/StreamConnection.php on line 390
[17-Feb-2020 05:31:31 Asia/Jakarta] PHP Notice:  Array to string conversion in /application/source/vendor/predis/predis/src/Connection/StreamConnection.php on line 391
[17-Feb-2020 05:36:51 Asia/Jakarta] PHP Warning:  strlen() expects parameter 1 to be string, array given in /application/source/vendor/predis/predis/src/Connection/StreamConnection.php on line 390
[17-Feb-2020 05:36:51 Asia/Jakarta] PHP Notice:  Array to string conversion in /application/source/vendor/predis/predis/src/Connection/StreamConnection.php on line 391
[17-Feb-2020 05:41:43 Asia/Jakarta] PHP Notice:  Undefined index: HTTP_X_FORWARDED_FOR in /application/source/dds/controllers/LoginController.php on line 54
[17-Feb-2020 06:18:49 Asia/Jakarta] PHP Notice:  Undefined variable: container in /application/source/html/index.php on line 90
[17-Feb-2020 06:18:49 Asia/Jakarta] PHP Notice:  Undefined variable: container in /application/source/html/index.php on line 91
[17-Feb-2020 06:19:16 Asia/Jakarta] PHP Notice:  Undefined variable: container in /application/source/html/index.php on line 90
[17-Feb-2020 06:19:16 Asia/Jakarta] PHP Notice:  Undefined variable: container in /application/source/html/index.php on line 91
[17-Feb-2020 06:19:28 Asia/Jakarta] PHP Notice:  Undefined variable: container in /application/source/html/index.php on line 90
[17-Feb-2020 06:19:28 Asia/Jakarta] PHP Notice:  Undefined variable: container in /application/source/html/index.php on line 91
[17-Feb-2020 06:20:40 Asia/Jakarta] PHP Notice:  Undefined variable: container in /application/source/html/index.php on line 90
[17-Feb-2020 06:20:40 Asia/Jakarta] PHP Notice:  Undefined variable: container in /application/source/html/index.php on line 91
[17-Feb-2020 06:21:08 Asia/Jakarta] PHP Notice:  Undefined variable: container in /application/source/html/index.php on line 90
[17-Feb-2020 06:21:08 Asia/Jakarta] PHP Notice:  Undefined variable: container in /application/source/html/index.php on line 91
[17-Feb-2020 06:25:57 Asia/Jakarta] PHP Notice:  Undefined variable: container in /application/source/html/index.php on line 89
[17-Feb-2020 06:25:57 Asia/Jakarta] PHP Notice:  Undefined variable: container in /application/source/html/index.php on line 90
[17-Feb-2020 06:26:40 Asia/Jakarta] PHP Notice:  Undefined variable: container in /application/source/html/index.php on line 89
[17-Feb-2020 06:26:40 Asia/Jakarta] PHP Notice:  Undefined variable: container in /application/source/html/index.php on line 90
[17-Feb-2020 06:28:58 Asia/Jakarta] PHP Notice:  Undefined variable: container in /application/source/html/index.php on line 89
[17-Feb-2020 06:28:58 Asia/Jakarta] PHP Notice:  Undefined variable: container in /application/source/html/index.php on line 90
[17-Feb-2020 06:31:56 Asia/Jakarta] PHP Notice:  Undefined index: HTTP_X_FORWARDED_FOR in /application/source/dds/controllers/LoginController.php on line 54
[17-Feb-2020 06:34:36 Asia/Jakarta] PHP Notice:  Undefined index: HTTP_X_FORWARDED_FOR in /application/source/dds/controllers/LoginController.php on line 54
[17-Feb-2020 06:38:03 Asia/Jakarta] PHP Notice:  Undefined variable: container in /application/source/html/index.php on line 89
[17-Feb-2020 06:38:03 Asia/Jakarta] PHP Notice:  Undefined variable: container in /application/source/html/index.php on line 90
[17-Feb-2020 06:38:28 Asia/Jakarta] PHP Notice:  Undefined variable: container in /application/source/html/index.php on line 89
[17-Feb-2020 06:38:28 Asia/Jakarta] PHP Notice:  Undefined variable: container in /application/source/html/index.php on line 90
[17-Feb-2020 06:38:34 Asia/Jakarta] PHP Notice:  Undefined variable: container in /application/source/html/index.php on line 89
[17-Feb-2020 06:38:34 Asia/Jakarta] PHP Notice:  Undefined variable: container in /application/source/html/index.php on line 90
[17-Feb-2020 06:39:39 Asia/Jakarta] PHP Notice:  Undefined variable: container in /application/source/html/index.php on line 89
[17-Feb-2020 06:39:39 Asia/Jakarta] PHP Notice:  Undefined variable: container in /application/source/html/index.php on line 90
[17-Feb-2020 06:40:48 Asia/Jakarta] PHP Notice:  Undefined variable: container in /application/source/html/index.php on line 89
[17-Feb-2020 06:40:48 Asia/Jakarta] PHP Notice:  Undefined variable: container in /application/source/html/index.php on line 90
[17-Feb-2020 06:41:36 Asia/Jakarta] PHP Notice:  Undefined variable: container in /application/source/html/index.php on line 89
[17-Feb-2020 06:41:36 Asia/Jakarta] PHP Notice:  Undefined variable: container in /application/source/html/index.php on line 90
[17-Feb-2020 06:42:11 Asia/Jakarta] PHP Notice:  Undefined variable: container in /application/source/html/index.php on line 89
[17-Feb-2020 06:42:11 Asia/Jakarta] PHP Notice:  Undefined variable: container in /application/source/html/index.php on line 90
[17-Feb-2020 06:42:38 Asia/Jakarta] PHP Notice:  Undefined variable: container in /application/source/html/index.php on line 89
[17-Feb-2020 06:42:38 Asia/Jakarta] PHP Notice:  Undefined variable: container in /application/source/html/index.php on line 90
[17-Feb-2020 06:42:57 Asia/Jakarta] PHP Notice:  Undefined variable: container in /application/source/html/index.php on line 89
[17-Feb-2020 06:42:57 Asia/Jakarta] PHP Notice:  Undefined variable: container in /application/source/html/index.php on line 90
[17-Feb-2020 06:43:28 Asia/Jakarta] PHP Notice:  Undefined variable: container in /application/source/html/index.php on line 89
[17-Feb-2020 06:43:28 Asia/Jakarta] PHP Notice:  Undefined variable: container in /application/source/html/index.php on line 90
[17-Feb-2020 06:43:43 Asia/Jakarta] PHP Notice:  Undefined variable: container in /application/source/html/index.php on line 89
[17-Feb-2020 06:43:43 Asia/Jakarta] PHP Notice:  Undefined variable: container in /application/source/html/index.php on line 90
[17-Feb-2020 06:45:20 Asia/Jakarta] PHP Notice:  Undefined offset: 0 in /application/source/dds/controllers/LoginController.php on line 27
[17-Feb-2020 06:45:20 Asia/Jakarta] PHP Notice:  Undefined offset: 0 in /application/source/dds/controllers/LoginController.php on line 27
[17-Feb-2020 06:45:20 Asia/Jakarta] PHP Notice:  Undefined index: HTTP_X_FORWARDED_FOR in /application/source/dds/controllers/LoginController.php on line 54
[17-Feb-2020 06:46:23 Asia/Jakarta] PHP Notice:  Undefined variable: container in /application/source/html/index.php on line 89
[17-Feb-2020 06:46:23 Asia/Jakarta] PHP Notice:  Undefined variable: container in /application/source/html/index.php on line 90
[17-Feb-2020 06:46:50 Asia/Jakarta] PHP Notice:  Undefined variable: container in /application/source/html/index.php on line 89
[17-Feb-2020 06:46:50 Asia/Jakarta] PHP Notice:  Undefined variable: container in /application/source/html/index.php on line 90
[17-Feb-2020 06:47:07 Asia/Jakarta] PHP Notice:  Undefined variable: container in /application/source/html/index.php on line 89
[17-Feb-2020 06:47:07 Asia/Jakarta] PHP Notice:  Undefined variable: container in /application/source/html/index.php on line 90
[17-Feb-2020 06:48:04 Asia/Jakarta] PHP Notice:  Undefined variable: container in /application/source/html/index.php on line 89
[17-Feb-2020 06:48:04 Asia/Jakarta] PHP Notice:  Undefined variable: container in /application/source/html/index.php on line 90
[17-Feb-2020 06:48:26 Asia/Jakarta] PHP Notice:  Undefined variable: container in /application/source/html/index.php on line 89
[17-Feb-2020 06:48:26 Asia/Jakarta] PHP Notice:  Undefined variable: container in /application/source/html/index.php on line 90
[17-Feb-2020 06:49:01 Asia/Jakarta] PHP Notice:  Undefined variable: container in /application/source/html/index.php on line 89
[17-Feb-2020 06:49:01 Asia/Jakarta] PHP Notice:  Undefined variable: container in /application/source/html/index.php on line 90
[17-Feb-2020 06:49:42 Asia/Jakarta] PHP Notice:  Undefined variable: container in /application/source/html/index.php on line 89
[17-Feb-2020 06:49:42 Asia/Jakarta] PHP Notice:  Undefined variable: container in /application/source/html/index.php on line 90
[17-Feb-2020 06:49:52 Asia/Jakarta] PHP Notice:  Undefined variable: container in /application/source/html/index.php on line 89
[17-Feb-2020 06:49:52 Asia/Jakarta] PHP Notice:  Undefined variable: container in /application/source/html/index.php on line 90
[17-Feb-2020 06:50:26 Asia/Jakarta] PHP Notice:  Undefined variable: container in /application/source/html/index.php on line 89
[17-Feb-2020 06:50:26 Asia/Jakarta] PHP Notice:  Undefined variable: container in /application/source/html/index.php on line 90
[17-Feb-2020 06:51:37 Asia/Jakarta] PHP Notice:  Undefined variable: container in /application/source/html/index.php on line 89
[17-Feb-2020 06:51:37 Asia/Jakarta] PHP Notice:  Undefined variable: container in /application/source/html/index.php on line 90
[17-Feb-2020 06:52:23 Asia/Jakarta] PHP Notice:  Undefined variable: container in /application/source/html/index.php on line 89
[17-Feb-2020 06:52:23 Asia/Jakarta] PHP Notice:  Undefined variable: container in /application/source/html/index.php on line 90
[17-Feb-2020 06:52:23 Asia/Jakarta] PHP Notice:  Undefined variable: container in /application/source/html/index.php on line 89
[17-Feb-2020 06:52:23 Asia/Jakarta] PHP Notice:  Undefined variable: container in /application/source/html/index.php on line 90
[17-Feb-2020 06:53:23 Asia/Jakarta] PHP Notice:  Undefined variable: container in /application/source/html/index.php on line 89
[17-Feb-2020 06:53:23 Asia/Jakarta] PHP Notice:  Undefined variable: container in /application/source/html/index.php on line 90
[17-Feb-2020 06:53:49 Asia/Jakarta] PHP Notice:  Undefined variable: container in /application/source/html/index.php on line 89
[17-Feb-2020 06:53:49 Asia/Jakarta] PHP Notice:  Undefined variable: container in /application/source/html/index.php on line 90
[17-Feb-2020 06:57:44 Asia/Jakarta] PHP Notice:  Undefined variable: container in /application/source/html/index.php on line 89
[17-Feb-2020 06:57:44 Asia/Jakarta] PHP Notice:  Undefined variable: container in /application/source/html/index.php on line 90
[17-Feb-2020 06:58:36 Asia/Jakarta] PHP Notice:  Undefined variable: container in /application/source/html/index.php on line 89
[17-Feb-2020 06:58:36 Asia/Jakarta] PHP Notice:  Undefined variable: container in /application/source/html/index.php on line 90
[17-Feb-2020 07:01:20 Asia/Jakarta] PHP Notice:  Undefined variable: container in /application/source/html/index.php on line 89
[17-Feb-2020 07:01:20 Asia/Jakarta] PHP Notice:  Undefined variable: container in /application/source/html/index.php on line 90
[17-Feb-2020 08:38:23 Asia/Jakarta] PHP Notice:  Undefined variable: container in /application/source/html/index.php on line 88
[17-Feb-2020 08:38:23 Asia/Jakarta] PHP Notice:  Undefined variable: container in /application/source/html/index.php on line 89
[17-Feb-2020 08:38:35 Asia/Jakarta] PHP Notice:  Undefined variable: container in /application/source/html/index.php on line 88
[17-Feb-2020 08:38:35 Asia/Jakarta] PHP Notice:  Undefined variable: container in /application/source/html/index.php on line 89
[17-Feb-2020 08:38:41 Asia/Jakarta] PHP Notice:  Undefined variable: container in /application/source/html/index.php on line 88
[17-Feb-2020 08:38:41 Asia/Jakarta] PHP Notice:  Undefined variable: container in /application/source/html/index.php on line 89
[17-Feb-2020 09:04:19 Asia/Jakarta] PHP Notice:  Undefined offset: 0 in /application/source/dds/controllers/LoginController.php on line 25
[17-Feb-2020 09:04:19 Asia/Jakarta] PHP Notice:  Undefined offset: 0 in /application/source/dds/controllers/LoginController.php on line 25
[17-Feb-2020 09:05:08 Asia/Jakarta] PHP Notice:  Undefined offset: 0 in /application/source/dds/controllers/LoginController.php on line 25
[17-Feb-2020 09:05:08 Asia/Jakarta] PHP Notice:  Undefined offset: 0 in /application/source/dds/controllers/LoginController.php on line 25
[17-Feb-2020 09:05:22 Asia/Jakarta] PHP Notice:  Undefined offset: 0 in /application/source/dds/controllers/LoginController.php on line 25
[17-Feb-2020 09:05:22 Asia/Jakarta] PHP Notice:  Undefined offset: 0 in /application/source/dds/controllers/LoginController.php on line 25
[17-Feb-2020 09:05:46 Asia/Jakarta] PHP Notice:  Undefined offset: 0 in /application/source/dds/controllers/LoginController.php on line 25
[17-Feb-2020 09:05:46 Asia/Jakarta] PHP Notice:  Undefined offset: 0 in /application/source/dds/controllers/LoginController.php on line 25
[17-Feb-2020 09:06:17 Asia/Jakarta] PHP Notice:  Undefined offset: 0 in /application/source/dds/controllers/LoginController.php on line 25
[17-Feb-2020 09:06:17 Asia/Jakarta] PHP Notice:  Undefined offset: 0 in /application/source/dds/controllers/LoginController.php on line 25
[17-Feb-2020 09:15:10 Asia/Jakarta] PHP Notice:  Undefined offset: 0 in /application/source/dds/controllers/LoginController.php on line 25
[17-Feb-2020 09:15:10 Asia/Jakarta] PHP Notice:  Undefined offset: 0 in /application/source/dds/controllers/LoginController.php on line 25
[17-Feb-2020 09:15:13 Asia/Jakarta] PHP Notice:  Undefined offset: 0 in /application/source/dds/controllers/LoginController.php on line 25
[17-Feb-2020 09:15:13 Asia/Jakarta] PHP Notice:  Undefined offset: 0 in /application/source/dds/controllers/LoginController.php on line 25
[17-Feb-2020 09:15:14 Asia/Jakarta] PHP Notice:  Undefined offset: 0 in /application/source/dds/controllers/LoginController.php on line 25
[17-Feb-2020 09:15:14 Asia/Jakarta] PHP Notice:  Undefined offset: 0 in /application/source/dds/controllers/LoginController.php on line 25
[17-Feb-2020 09:15:15 Asia/Jakarta] PHP Notice:  Undefined offset: 0 in /application/source/dds/controllers/LoginController.php on line 25
[17-Feb-2020 09:15:15 Asia/Jakarta] PHP Notice:  Undefined offset: 0 in /application/source/dds/controllers/LoginController.php on line 25
[17-Feb-2020 09:15:15 Asia/Jakarta] PHP Notice:  Undefined offset: 0 in /application/source/dds/controllers/LoginController.php on line 25
[17-Feb-2020 09:15:15 Asia/Jakarta] PHP Notice:  Undefined offset: 0 in /application/source/dds/controllers/LoginController.php on line 25
[17-Feb-2020 09:15:16 Asia/Jakarta] PHP Notice:  Undefined offset: 0 in /application/source/dds/controllers/LoginController.php on line 25
[17-Feb-2020 09:15:16 Asia/Jakarta] PHP Notice:  Undefined offset: 0 in /application/source/dds/controllers/LoginController.php on line 25
[17-Feb-2020 09:15:17 Asia/Jakarta] PHP Notice:  Undefined offset: 0 in /application/source/dds/controllers/LoginController.php on line 25
[17-Feb-2020 09:15:17 Asia/Jakarta] PHP Notice:  Undefined offset: 0 in /application/source/dds/controllers/LoginController.php on line 25
[17-Feb-2020 09:15:21 Asia/Jakarta] PHP Notice:  Undefined offset: 0 in /application/source/dds/controllers/LoginController.php on line 25
[17-Feb-2020 09:15:21 Asia/Jakarta] PHP Notice:  Undefined offset: 0 in /application/source/dds/controllers/LoginController.php on line 25
[17-Feb-2020 09:15:22 Asia/Jakarta] PHP Notice:  Undefined offset: 0 in /application/source/dds/controllers/LoginController.php on line 25
[17-Feb-2020 09:15:22 Asia/Jakarta] PHP Notice:  Undefined offset: 0 in /application/source/dds/controllers/LoginController.php on line 25
[17-Feb-2020 09:15:23 Asia/Jakarta] PHP Notice:  Undefined offset: 0 in /application/source/dds/controllers/LoginController.php on line 25
[17-Feb-2020 09:15:23 Asia/Jakarta] PHP Notice:  Undefined offset: 0 in /application/source/dds/controllers/LoginController.php on line 25
[17-Feb-2020 09:15:52 Asia/Jakarta] PHP Notice:  Undefined offset: 0 in /application/source/dds/controllers/LoginController.php on line 25
[17-Feb-2020 09:15:52 Asia/Jakarta] PHP Notice:  Undefined offset: 0 in /application/source/dds/controllers/LoginController.php on line 25
[17-Feb-2020 09:15:53 Asia/Jakarta] PHP Notice:  Undefined offset: 0 in /application/source/dds/controllers/LoginController.php on line 25
[17-Feb-2020 09:15:53 Asia/Jakarta] PHP Notice:  Undefined offset: 0 in /application/source/dds/controllers/LoginController.php on line 25
[17-Feb-2020 09:15:54 Asia/Jakarta] PHP Notice:  Undefined offset: 0 in /application/source/dds/controllers/LoginController.php on line 25
[17-Feb-2020 09:15:54 Asia/Jakarta] PHP Notice:  Undefined offset: 0 in /application/source/dds/controllers/LoginController.php on line 25
[17-Feb-2020 09:15:55 Asia/Jakarta] PHP Notice:  Undefined offset: 0 in /application/source/dds/controllers/LoginController.php on line 25
[17-Feb-2020 09:15:55 Asia/Jakarta] PHP Notice:  Undefined offset: 0 in /application/source/dds/controllers/LoginController.php on line 25
[17-Feb-2020 09:15:55 Asia/Jakarta] PHP Notice:  Undefined offset: 0 in /application/source/dds/controllers/LoginController.php on line 25
[17-Feb-2020 09:15:55 Asia/Jakarta] PHP Notice:  Undefined offset: 0 in /application/source/dds/controllers/LoginController.php on line 25
[17-Feb-2020 09:15:56 Asia/Jakarta] PHP Notice:  Undefined offset: 0 in /application/source/dds/controllers/LoginController.php on line 25
[17-Feb-2020 09:15:56 Asia/Jakarta] PHP Notice:  Undefined offset: 0 in /application/source/dds/controllers/LoginController.php on line 25
[17-Feb-2020 09:15:57 Asia/Jakarta] PHP Notice:  Undefined offset: 0 in /application/source/dds/controllers/LoginController.php on line 25
[17-Feb-2020 09:15:57 Asia/Jakarta] PHP Notice:  Undefined offset: 0 in /application/source/dds/controllers/LoginController.php on line 25
[17-Feb-2020 09:15:58 Asia/Jakarta] PHP Notice:  Undefined offset: 0 in /application/source/dds/controllers/LoginController.php on line 25
[17-Feb-2020 09:15:58 Asia/Jakarta] PHP Notice:  Undefined offset: 0 in /application/source/dds/controllers/LoginController.php on line 25
[17-Feb-2020 09:16:14 Asia/Jakarta] PHP Notice:  Undefined offset: 0 in /application/source/dds/controllers/LoginController.php on line 25
[17-Feb-2020 09:16:14 Asia/Jakarta] PHP Notice:  Undefined offset: 0 in /application/source/dds/controllers/LoginController.php on line 25
[17-Feb-2020 09:16:31 Asia/Jakarta] PHP Notice:  Undefined offset: 0 in /application/source/dds/controllers/LoginController.php on line 25
[17-Feb-2020 09:16:31 Asia/Jakarta] PHP Notice:  Undefined offset: 0 in /application/source/dds/controllers/LoginController.php on line 25
[17-Feb-2020 09:16:49 Asia/Jakarta] PHP Notice:  Undefined offset: 0 in /application/source/dds/controllers/LoginController.php on line 25
[17-Feb-2020 09:16:49 Asia/Jakarta] PHP Notice:  Undefined offset: 0 in /application/source/dds/controllers/LoginController.php on line 25
[17-Feb-2020 09:16:51 Asia/Jakarta] PHP Notice:  Undefined offset: 0 in /application/source/dds/controllers/LoginController.php on line 25
[17-Feb-2020 09:16:51 Asia/Jakarta] PHP Notice:  Undefined offset: 0 in /application/source/dds/controllers/LoginController.php on line 25
[17-Feb-2020 09:16:52 Asia/Jakarta] PHP Notice:  Undefined offset: 0 in /application/source/dds/controllers/LoginController.php on line 25
[17-Feb-2020 09:16:52 Asia/Jakarta] PHP Notice:  Undefined offset: 0 in /application/source/dds/controllers/LoginController.php on line 25
[17-Feb-2020 09:17:05 Asia/Jakarta] PHP Notice:  Undefined offset: 0 in /application/source/dds/controllers/LoginController.php on line 25
[17-Feb-2020 09:17:05 Asia/Jakarta] PHP Notice:  Undefined offset: 0 in /application/source/dds/controllers/LoginController.php on line 25
[17-Feb-2020 09:17:07 Asia/Jakarta] PHP Notice:  Undefined offset: 0 in /application/source/dds/controllers/LoginController.php on line 25
[17-Feb-2020 09:17:07 Asia/Jakarta] PHP Notice:  Undefined offset: 0 in /application/source/dds/controllers/LoginController.php on line 25
[17-Feb-2020 09:17:07 Asia/Jakarta] PHP Notice:  Undefined offset: 0 in /application/source/dds/controllers/LoginController.php on line 25
[17-Feb-2020 09:17:07 Asia/Jakarta] PHP Notice:  Undefined offset: 0 in /application/source/dds/controllers/LoginController.php on line 25
[17-Feb-2020 09:17:45 Asia/Jakarta] PHP Notice:  Undefined offset: 0 in /application/source/dds/controllers/LoginController.php on line 25
[17-Feb-2020 09:17:45 Asia/Jakarta] PHP Notice:  Undefined offset: 0 in /application/source/dds/controllers/LoginController.php on line 25
[17-Feb-2020 09:18:01 Asia/Jakarta] PHP Notice:  Undefined offset: 0 in /application/source/dds/controllers/LoginController.php on line 25
[17-Feb-2020 09:18:01 Asia/Jakarta] PHP Notice:  Undefined offset: 0 in /application/source/dds/controllers/LoginController.php on line 25
[17-Feb-2020 09:18:10 Asia/Jakarta] PHP Notice:  Undefined variable: container in /application/source/html/index.php on line 88
[17-Feb-2020 09:18:10 Asia/Jakarta] PHP Notice:  Undefined variable: container in /application/source/html/index.php on line 89
[17-Feb-2020 23:54:09 Asia/Jakarta] PHP Notice:  Undefined offset: 0 in /application/source/dds/controllers/LoginController.php on line 25
[17-Feb-2020 23:54:09 Asia/Jakarta] PHP Notice:  Undefined offset: 0 in /application/source/dds/controllers/LoginController.php on line 25
[17-Feb-2020 23:55:13 Asia/Jakarta] PHP Notice:  Undefined offset: 0 in /application/source/dds/controllers/LoginController.php on line 25
[17-Feb-2020 23:55:13 Asia/Jakarta] PHP Notice:  Undefined offset: 0 in /application/source/dds/controllers/LoginController.php on line 25
[17-Feb-2020 23:55:33 Asia/Jakarta] PHP Notice:  Undefined offset: 0 in /application/source/dds/controllers/LoginController.php on line 25
[17-Feb-2020 23:55:33 Asia/Jakarta] PHP Notice:  Undefined offset: 0 in /application/source/dds/controllers/LoginController.php on line 25
[17-Feb-2020 23:55:54 Asia/Jakarta] PHP Notice:  Undefined offset: 0 in /application/source/dds/controllers/LoginController.php on line 25
[17-Feb-2020 23:55:54 Asia/Jakarta] PHP Notice:  Undefined offset: 0 in /application/source/dds/controllers/LoginController.php on line 25
[17-Feb-2020 23:56:03 Asia/Jakarta] PHP Notice:  Undefined offset: 0 in /application/source/dds/controllers/LoginController.php on line 25
[17-Feb-2020 23:56:03 Asia/Jakarta] PHP Notice:  Undefined offset: 0 in /application/source/dds/controllers/LoginController.php on line 25
[17-Feb-2020 23:58:31 Asia/Jakarta] PHP Notice:  Undefined index: HTTP_X_FORWARDED_FOR in /application/source/dds/controllers/LoginController.php on line 52
[17-Feb-2020 23:59:12 Asia/Jakarta] PHP Notice:  Undefined variable: container in /application/source/html/index.php on line 80
[17-Feb-2020 23:59:12 Asia/Jakarta] PHP Notice:  Undefined variable: container in /application/source/html/index.php on line 81
[17-Feb-2020 23:59:48 Asia/Jakarta] PHP Notice:  Undefined variable: container in /application/source/html/index.php on line 80
[17-Feb-2020 23:59:48 Asia/Jakarta] PHP Notice:  Undefined variable: container in /application/source/html/index.php on line 81
[18-Feb-2020 00:03:35 Asia/Jakarta] PHP Notice:  Undefined variable: container in /application/source/html/index.php on line 80
[18-Feb-2020 00:03:35 Asia/Jakarta] PHP Notice:  Undefined variable: container in /application/source/html/index.php on line 81
[18-Feb-2020 00:04:17 Asia/Jakarta] PHP Notice:  Undefined variable: container in /application/source/html/index.php on line 80
[18-Feb-2020 00:04:17 Asia/Jakarta] PHP Notice:  Undefined variable: container in /application/source/html/index.php on line 81
[18-Feb-2020 00:04:25 Asia/Jakarta] PHP Notice:  Undefined variable: container in /application/source/html/index.php on line 80
[18-Feb-2020 00:04:25 Asia/Jakarta] PHP Notice:  Undefined variable: container in /application/source/html/index.php on line 81
